# JRE version: Java(TM) SE Runtime Environment (8.0_171-b11) (build 1.8.0_171-b11)
# Java VM: Java HotSpot(TM) 64-Bit Server VM (25.171-b11 mixed mode linux-amd64 compressed oops)
Heap:
 PSYoungGen      total 509952K, used 323054K [0x000000076d200000, 0x00000007a3600000, 0x00000007c0000000)
  eden space 186880K, 0% used [0x000000076d200000,0x000000076d200000,0x0000000778880000)
  from space 323072K, 99% used [0x000000078fa80000,0x00000007a35fbba8,0x00000007a3600000)
  to   space 257536K, 0% used [0x0000000778880000,0x0000000778880000,0x0000000788400000)
 ParOldGen       total 965120K, used 617598K [0x00000006c7600000, 0x0000000702480000, 0x000000076d200000)
  object space 965120K, 63% used [0x00000006c7600000,0x00000006ed11f928,0x0000000702480000)
 Metaspace       used 8880K, capacity 9066K, committed 9344K, reserved 1056768K
  class space    used 1018K, capacity 1104K, committed 1152K, reserved 1048576K
GC Heap History (10 events):
Event: 5.037 GC heap after
Heap after GC invocations=6 (full 2):
 PSYoungGen      total 193024K, used 0K [0x000000076d200000, 0x000000077e200000, 0x00000007c0000000)
  eden space 182784K, 0% used [0x000000076d200000,0x000000076d200000,0x0000000778480000)
  from space 10240K, 0% used [0x000000077d800000,0x000000077d800000,0x000000077e200000)
  to   space 10240K, 0% used [0x000000077ce00000,0x000000077ce00000,0x000000077d800000)
 ParOldGen       total 672256K, used 354122K [0x00000006c7600000, 0x00000006f0680000, 0x000000076d200000)
  object space 672256K, 52% used [0x00000006c7600000,0x00000006dcfd2980,0x00000006f0680000)
 Metaspace       used 8715K, capacity 8938K, committed 9088K, reserved 1056768K
  class space    used 1008K, capacity 1104K, committed 1152K, reserved 1048576K
}
Event: 5.585 GC heap before
{Heap before GC invocations=7 (full 2):
 PSYoungGen      total 193024K, used 182784K [0x000000076d200000, 0x000000077e200000, 0x00000007c0000000)
  eden space 182784K, 100% used [0x000000076d200000,0x0000000778480000,0x0000000778480000)
  from space 10240K, 0% used [0x000000077d800000,0x000000077d800000,0x000000077e200000)
  to   space 10240K, 0% used [0x000000077ce00000,0x000000077ce00000,0x000000077d800000)
 ParOldGen       total 672256K, used 354122K [0x00000006c7600000, 0x00000006f0680000, 0x000000076d200000)
  object space 672256K, 52% used [0x00000006c7600000,0x00000006dcfd2980,0x00000006f0680000)
 Metaspace       used 8768K, capacity 9002K, committed 9088K, reserved 1056768K
  class space    used 1011K, capacity 1104K, committed 1152K, reserved 1048576K
Event: 5.833 GC heap after
Heap after GC invocations=7 (full 2):
 PSYoungGen      total 247296K, used 10226K [0x000000076d200000, 0x0000000794e80000, 0x00000007c0000000)
  eden space 237056K, 0% used [0x000000076d200000,0x000000076d200000,0x000000077b980000)
  from space 10240K, 99% used [0x000000077ce00000,0x000000077d7fc818,0x000000077d800000)
  to   space 207360K, 0% used [0x0000000788400000,0x0000000788400000,0x0000000794e80000)
 ParOldGen       total 672256K, used 525362K [0x00000006c7600000, 0x00000006f0680000, 0x000000076d200000)
  object space 672256K, 78% used [0x00000006c7600000,0x00000006e770c980,0x00000006f0680000)
 Metaspace       used 8768K, capacity 9002K, committed 9088K, reserved 1056768K
  class space    used 1011K, capacity 1104K, committed 1152K, reserved 1048576K
}
Event: 5.833 GC heap before
{Heap before GC invocations=8 (full 3):
 PSYoungGen      total 247296K, used 10226K [0x000000076d200000, 0x0000000794e80000, 0x00000007c0000000)
  eden space 237056K, 0% used [0x000000076d200000,0x000000076d200000,0x000000077b980000)
  from space 10240K, 99% used [0x000000077ce00000,0x000000077d7fc818,0x000000077d800000)
  to   space 207360K, 0% used [0x0000000788400000,0x0000000788400000,0x0000000794e80000)
 ParOldGen       total 672256K, used 525362K [0x00000006c7600000, 0x00000006f0680000, 0x000000076d200000)
  object space 672256K, 78% used [0x00000006c7600000,0x00000006e770c980,0x00000006f0680000)
 Metaspace       used 8768K, capacity 9002K, committed 9088K, reserved 1056768K
  class space    used 1011K, capacity 1104K, committed 1152K, reserved 1048576K
Event: 7.796 GC heap after
Heap after GC invocations=8 (full 3):
 PSYoungGen      total 247296K, used 0K [0x000000076d200000, 0x0000000794e80000, 0x00000007c0000000)
  eden space 237056K, 0% used [0x000000076d200000,0x000000076d200000,0x000000077b980000)
  from space 10240K, 0% used [0x000000077ce00000,0x000000077ce00000,0x000000077d800000)
  to   space 207360K, 0% used [0x0000000788400000,0x0000000788400000,0x0000000794e80000)
 ParOldGen       total 965120K, used 530126K [0x00000006c7600000, 0x0000000702480000, 0x000000076d200000)
  object space 965120K, 54% used [0x00000006c7600000,0x00000006e7bb3928,0x0000000702480000)
 Metaspace       used 8768K, capacity 9002K, committed 9088K, reserved 1056768K
  class space    used 1011K, capacity 1104K, committed 1152K, reserved 1048576K
}
Event: 8.620 GC heap before
{Heap before GC invocations=9 (full 3):
 PSYoungGen      total 247296K, used 237056K [0x000000076d200000, 0x0000000794e80000, 0x00000007c0000000)
  eden space 237056K, 100% used [0x000000076d200000,0x000000077b980000,0x000000077b980000)
  from space 10240K, 0% used [0x000000077ce00000,0x000000077ce00000,0x000000077d800000)
  to   space 207360K, 0% used [0x0000000788400000,0x0000000788400000,0x0000000794e80000)
 ParOldGen       total 965120K, used 530126K [0x00000006c7600000, 0x0000000702480000, 0x000000076d200000)
  object space 965120K, 54% used [0x00000006c7600000,0x00000006e7bb3928,0x0000000702480000)
 Metaspace       used 8864K, capacity 9066K, committed 9344K, reserved 1056768K
  class space    used 1018K, capacity 1104K, committed 1152K, reserved 1048576K
Event: 8.835 GC heap after
Heap after GC invocations=9 (full 3):
 PSYoungGen      total 394240K, used 207355K [0x000000076d200000, 0x000000079e980000, 0x00000007c0000000)
  eden space 186880K, 0% used [0x000000076d200000,0x000000076d200000,0x0000000778880000)
  from space 207360K, 99% used [0x0000000788400000,0x0000000794e7ec18,0x0000000794e80000)
  to   space 257536K, 0% used [0x0000000778880000,0x0000000778880000,0x0000000788400000)
 ParOldGen       total 965120K, used 551294K [0x00000006c7600000, 0x0000000702480000, 0x000000076d200000)
  object space 965120K, 57% used [0x00000006c7600000,0x00000006e905f928,0x0000000702480000)
 Metaspace       used 8864K, capacity 9066K, committed 9344K, reserved 1056768K
  class space    used 1018K, capacity 1104K, committed 1152K, reserved 1048576K
}
Event: 9.317 GC heap before
{Heap before GC invocations=10 (full 3):
 PSYoungGen      total 394240K, used 394235K [0x000000076d200000, 0x000000079e980000, 0x00000007c0000000)
  eden space 186880K, 100% used [0x000000076d200000,0x0000000778880000,0x0000000778880000)
  from space 207360K, 99% used [0x0000000788400000,0x0000000794e7ec18,0x0000000794e80000)
  to   space 257536K, 0% used [0x0000000778880000,0x0000000778880000,0x0000000788400000)
 ParOldGen       total 965120K, used 551294K [0x00000006c7600000, 0x0000000702480000, 0x000000076d200000)
  object space 965120K, 57% used [0x00000006c7600000,0x00000006e905f928,0x0000000702480000)
 Metaspace       used 8875K, capacity 9066K, committed 9344K, reserved 1056768K
  class space    used 1018K, capacity 1104K, committed 1152K, reserved 1048576K
Event: 9.717 GC heap after
Heap after GC invocations=10 (full 3):
 PSYoungGen      total 444416K, used 257531K [0x000000076d200000, 0x00000007a3600000, 0x00000007c0000000)
  eden space 186880K, 0% used [0x000000076d200000,0x000000076d200000,0x0000000778880000)
  from space 257536K, 99% used [0x0000000778880000,0x00000007883fec18,0x0000000788400000)
  to   space 323072K, 0% used [0x000000078fa80000,0x000000078fa80000,0x00000007a3600000)
 ParOldGen       total 965120K, used 591822K [0x00000006c7600000, 0x0000000702480000, 0x000000076d200000)
  object space 965120K, 61% used [0x00000006c7600000,0x00000006eb7f3928,0x0000000702480000)
 Metaspace       used 8875K, capacity 9066K, committed 9344K, reserved 1056768K
  class space    used 1018K, capacity 1104K, committed 1152K, reserved 1048576K
}
Event: 10.167 GC heap before
{Heap before GC invocations=11 (full 3):
 PSYoungGen      total 444416K, used 444411K [0x000000076d200000, 0x00000007a3600000, 0x00000007c0000000)
  eden space 186880K, 100% used [0x000000076d200000,0x0000000778880000,0x0000000778880000)
  from space 257536K, 99% used [0x0000000778880000,0x00000007883fec18,0x0000000788400000)
  to   space 323072K, 0% used [0x000000078fa80000,0x000000078fa80000,0x00000007a3600000)
 ParOldGen       total 965120K, used 591822K [0x00000006c7600000, 0x0000000702480000, 0x000000076d200000)
  object space 965120K, 61% used [0x00000006c7600000,0x00000006eb7f3928,0x0000000702480000)
 Metaspace       used 8880K, capacity 9066K, committed 9344K, reserved 1056768K
  class space    used 1018K, capacity 1104K, committed 1152K, reserved 1048576K

