# JRE version: Java(TM) SE Runtime Environment (8.0_171-b11) (build 1.8.0_171-b11)
# Java VM: Java HotSpot(TM) 64-Bit Server VM (25.171-b11 mixed mode linux-amd64 compressed oops)
Heap:
 PSYoungGen      total 623104K, used 0K [0x000000076d200000, 0x00000007aeb80000, 0x00000007c0000000)
  eden space 187904K, 0% used [0x000000076d200000,0x000000076d200000,0x0000000778980000)
  from space 435200K, 0% used [0x0000000794280000,0x0000000794280000,0x00000007aeb80000)
  to   space 443392K, 0% used [0x0000000778980000,0x0000000778980000,0x0000000793a80000)
 ParOldGen       total 968704K, used 611291K [0x00000006c7600000, 0x0000000702800000, 0x000000076d200000)
  object space 968704K, 63% used [0x00000006c7600000,0x00000006ecaf6de8,0x0000000702800000)
 Metaspace       used 11079K, capacity 11476K, committed 11648K, reserved 1058816K
  class space    used 1281K, capacity 1375K, committed 1408K, reserved 1048576K
GC Heap History (10 events):
Event: 9.945 GC heap after
Heap after GC invocations=11 (full 3):
 PSYoungGen      total 471552K, used 312827K [0x000000076d200000, 0x00000007a7d00000, 0x00000007c0000000)
  eden space 158720K, 0% used [0x000000076d200000,0x000000076d200000,0x0000000776d00000)
  from space 312832K, 99% used [0x000000078d580000,0x00000007a06fec18,0x00000007a0700000)
  to   space 369152K, 0% used [0x0000000776d00000,0x0000000776d00000,0x000000078d580000)
 ParOldGen       total 968704K, used 582974K [0x00000006c7600000, 0x0000000702800000, 0x000000076d200000)
  object space 968704K, 60% used [0x00000006c7600000,0x00000006eaf4f898,0x0000000702800000)
 Metaspace       used 8488K, capacity 8690K, committed 8832K, reserved 1056768K
  class space    used 968K, capacity 1064K, committed 1152K, reserved 1048576K
}
Event: 10.425 GC heap before
{Heap before GC invocations=12 (full 3):
 PSYoungGen      total 471552K, used 471547K [0x000000076d200000, 0x00000007a7d00000, 0x00000007c0000000)
  eden space 158720K, 100% used [0x000000076d200000,0x0000000776d00000,0x0000000776d00000)
  from space 312832K, 99% used [0x000000078d580000,0x00000007a06fec18,0x00000007a0700000)
  to   space 369152K, 0% used [0x0000000776d00000,0x0000000776d00000,0x000000078d580000)
 ParOldGen       total 968704K, used 582974K [0x00000006c7600000, 0x0000000702800000, 0x000000076d200000)
  object space 968704K, 60% used [0x00000006c7600000,0x00000006eaf4f898,0x0000000702800000)
 Metaspace       used 8488K, capacity 8690K, committed 8832K, reserved 1056768K
  class space    used 968K, capacity 1064K, committed 1152K, reserved 1048576K
Event: 10.832 GC heap after
Heap after GC invocations=12 (full 3):
 PSYoungGen      total 527872K, used 235520K [0x000000076d200000, 0x00000007a6600000, 0x00000007c0000000)
  eden space 158720K, 0% used [0x000000076d200000,0x000000076d200000,0x0000000776d00000)
  from space 369152K, 63% used [0x0000000776d00000,0x0000000785300010,0x000000078d580000)
  to   space 373760K, 0% used [0x000000078f900000,0x000000078f900000,0x00000007a6600000)
 ParOldGen       total 968704K, used 735673K [0x00000006c7600000, 0x0000000702800000, 0x000000076d200000)
  object space 968704K, 75% used [0x00000006c7600000,0x00000006f446e4a0,0x0000000702800000)
 Metaspace       used 8488K, capacity 8690K, committed 8832K, reserved 1056768K
  class space    used 968K, capacity 1064K, committed 1152K, reserved 1048576K
}
Event: 12.410 GC heap before
{Heap before GC invocations=13 (full 3):
 PSYoungGen      total 527872K, used 394240K [0x000000076d200000, 0x00000007a6600000, 0x00000007c0000000)
  eden space 158720K, 100% used [0x000000076d200000,0x0000000776d00000,0x0000000776d00000)
  from space 369152K, 63% used [0x0000000776d00000,0x0000000785300010,0x000000078d580000)
  to   space 373760K, 0% used [0x000000078f900000,0x000000078f900000,0x00000007a6600000)
 ParOldGen       total 968704K, used 735673K [0x00000006c7600000, 0x0000000702800000, 0x000000076d200000)
  object space 968704K, 75% used [0x00000006c7600000,0x00000006f446e4a0,0x0000000702800000)
 Metaspace       used 8498K, capacity 8690K, committed 8832K, reserved 1056768K
  class space    used 968K, capacity 1064K, committed 1152K, reserved 1048576K
Event: 12.717 GC heap after
Heap after GC invocations=13 (full 3):
 PSYoungGen      total 534528K, used 310176K [0x000000076d200000, 0x00000007a9d80000, 0x00000007c0000000)
  eden space 160768K, 0% used [0x000000076d200000,0x000000076d200000,0x0000000776f00000)
  from space 373760K, 82% used [0x000000078f900000,0x00000007a27e8010,0x00000007a6600000)
  to   space 403456K, 0% used [0x0000000776f00000,0x0000000776f00000,0x000000078f900000)
 ParOldGen       total 968704K, used 735681K [0x00000006c7600000, 0x0000000702800000, 0x000000076d200000)
  object space 968704K, 75% used [0x00000006c7600000,0x00000006f44704a0,0x0000000702800000)
 Metaspace       used 8498K, capacity 8690K, committed 8832K, reserved 1056768K
  class space    used 968K, capacity 1064K, committed 1152K, reserved 1048576K
}
Event: 21.341 GC heap before
{Heap before GC invocations=14 (full 3):
 PSYoungGen      total 534528K, used 470944K [0x000000076d200000, 0x00000007a9d80000, 0x00000007c0000000)
  eden space 160768K, 100% used [0x000000076d200000,0x0000000776f00000,0x0000000776f00000)
  from space 373760K, 82% used [0x000000078f900000,0x00000007a27e8010,0x00000007a6600000)
  to   space 403456K, 0% used [0x0000000776f00000,0x0000000776f00000,0x000000078f900000)
 ParOldGen       total 968704K, used 735681K [0x00000006c7600000, 0x0000000702800000, 0x000000076d200000)
  object space 968704K, 75% used [0x00000006c7600000,0x00000006f44704a0,0x0000000702800000)
 Metaspace       used 10845K, capacity 11224K, committed 11392K, reserved 1058816K
  class space    used 1272K, capacity 1373K, committed 1408K, reserved 1048576K
Event: 21.994 GC heap after
Heap after GC invocations=14 (full 3):
 PSYoungGen      total 564224K, used 393596K [0x000000076d200000, 0x00000007afc80000, 0x00000007c0000000)
  eden space 160768K, 0% used [0x000000076d200000,0x000000076d200000,0x0000000776f00000)
  from space 403456K, 97% used [0x0000000776f00000,0x000000078ef5f000,0x000000078f900000)
  to   space 452608K, 0% used [0x0000000794280000,0x0000000794280000,0x00000007afc80000)
 ParOldGen       total 968704K, used 735689K [0x00000006c7600000, 0x0000000702800000, 0x000000076d200000)
  object space 968704K, 75% used [0x00000006c7600000,0x00000006f44724a0,0x0000000702800000)
 Metaspace       used 10845K, capacity 11224K, committed 11392K, reserved 1058816K
  class space    used 1272K, capacity 1373K, committed 1408K, reserved 1048576K
}
Event: 23.248 GC heap before
{Heap before GC invocations=15 (full 3):
 PSYoungGen      total 564224K, used 554364K [0x000000076d200000, 0x00000007afc80000, 0x00000007c0000000)
  eden space 160768K, 100% used [0x000000076d200000,0x0000000776f00000,0x0000000776f00000)
  from space 403456K, 97% used [0x0000000776f00000,0x000000078ef5f000,0x000000078f900000)
  to   space 452608K, 0% used [0x0000000794280000,0x0000000794280000,0x00000007afc80000)
 ParOldGen       total 968704K, used 735689K [0x00000006c7600000, 0x0000000702800000, 0x000000076d200000)
  object space 968704K, 75% used [0x00000006c7600000,0x00000006f44724a0,0x0000000702800000)
 Metaspace       used 11079K, capacity 11476K, committed 11648K, reserved 1058816K
  class space    used 1281K, capacity 1375K, committed 1408K, reserved 1048576K
Event: 23.706 GC heap after
Heap after GC invocations=15 (full 3):
 PSYoungGen      total 623104K, used 240558K [0x000000076d200000, 0x00000007aeb80000, 0x00000007c0000000)
  eden space 187904K, 0% used [0x000000076d200000,0x000000076d200000,0x0000000778980000)
  from space 435200K, 55% used [0x0000000794280000,0x00000007a2d6b8d8,0x00000007aeb80000)
  to   space 443392K, 0% used [0x0000000778980000,0x0000000778980000,0x0000000793a80000)
 ParOldGen       total 968704K, used 888481K [0x00000006c7600000, 0x0000000702800000, 0x000000076d200000)
  object space 968704K, 91% used [0x00000006c7600000,0x00000006fd9a84a0,0x0000000702800000)
 Metaspace       used 11079K, capacity 11476K, committed 11648K, reserved 1058816K
  class space    used 1281K, capacity 1375K, committed 1408K, reserved 1048576K
}
Event: 23.707 GC heap before
{Heap before GC invocations=16 (full 4):
 PSYoungGen      total 623104K, used 240558K [0x000000076d200000, 0x00000007aeb80000, 0x00000007c0000000)
  eden space 187904K, 0% used [0x000000076d200000,0x000000076d200000,0x0000000778980000)
  from space 435200K, 55% used [0x0000000794280000,0x00000007a2d6b8d8,0x00000007aeb80000)
  to   space 443392K, 0% used [0x0000000778980000,0x0000000778980000,0x0000000793a80000)
 ParOldGen       total 968704K, used 888481K [0x00000006c7600000, 0x0000000702800000, 0x000000076d200000)
  object space 968704K, 91% used [0x00000006c7600000,0x00000006fd9a84a0,0x0000000702800000)
 Metaspace       used 11079K, capacity 11476K, committed 11648K, reserved 1058816K
  class space    used 1281K, capacity 1375K, committed 1408K, reserved 1048576K

